2024-10-28 13:03:57,545 dycore_driver.py     (1251) : initialize          :  INFO     initialize parallel runtime
2024-10-28 13:03:57,546 dycore_driver.py     (1252) : initialize          :  INFO     reading configuration: experiment jabw
2024-10-28 13:03:57,546 dycore_driver.py     (1206) : print_config        :  INFO     Icon4py run configuration detail: dtime 0:05:00
2024-10-28 13:03:57,546 dycore_driver.py     (1206) : print_config        :  INFO     Icon4py run configuration detail: start_date 0001-01-01 00:00:00
2024-10-28 13:03:57,546 dycore_driver.py     (1206) : print_config        :  INFO     Icon4py run configuration detail: end_date 0001-01-01 00:05:00
2024-10-28 13:03:57,546 dycore_driver.py     (1206) : print_config        :  INFO     Icon4py run configuration detail: damping_height 45000.0
2024-10-28 13:03:57,546 dycore_driver.py     (1206) : print_config        :  INFO     Icon4py run configuration detail: n_substeps 1
2024-10-28 13:03:57,546 dycore_driver.py     (1206) : print_config        :  INFO     Icon4py run configuration detail: apply_initial_stabilization False
2024-10-28 13:03:57,546 dycore_driver.py     (1206) : print_config        :  INFO     Icon4py run configuration detail: restart_mode False
2024-10-28 13:03:57,546 dycore_driver.py     (1206) : print_config        :  INFO     Icon4py run configuration detail: run_testcase False
2024-10-28 13:03:57,546 dycore_driver.py     (1209) : print_config        :  INFO     Diffusion configuration detail: diffusion_type 5
2024-10-28 13:03:57,546 dycore_driver.py     (1209) : print_config        :  INFO     Diffusion configuration detail: apply_to_vertical_wind True
2024-10-28 13:03:57,546 dycore_driver.py     (1209) : print_config        :  INFO     Diffusion configuration detail: apply_to_horizontal_wind True
2024-10-28 13:03:57,546 dycore_driver.py     (1209) : print_config        :  INFO     Diffusion configuration detail: apply_to_temperature False
2024-10-28 13:03:57,546 dycore_driver.py     (1209) : print_config        :  INFO     Diffusion configuration detail: compute_3d_smag_coeff False
2024-10-28 13:03:57,546 dycore_driver.py     (1209) : print_config        :  INFO     Diffusion configuration detail: type_vn_diffu 1
2024-10-28 13:03:57,546 dycore_driver.py     (1209) : print_config        :  INFO     Diffusion configuration detail: type_t_diffu 2
2024-10-28 13:03:57,546 dycore_driver.py     (1209) : print_config        :  INFO     Diffusion configuration detail: hdiff_efdt_ratio 10.0
2024-10-28 13:03:57,546 dycore_driver.py     (1209) : print_config        :  INFO     Diffusion configuration detail: hdiff_w_efdt_ratio 15.0
2024-10-28 13:03:57,546 dycore_driver.py     (1209) : print_config        :  INFO     Diffusion configuration detail: smagorinski_scaling_factor 2.5e-06
2024-10-28 13:03:57,546 dycore_driver.py     (1209) : print_config        :  INFO     Diffusion configuration detail: apply_zdiffusion_t False
2024-10-28 13:03:57,546 dycore_driver.py     (1209) : print_config        :  INFO     Diffusion configuration detail: thslp_zdiffu 0.025
2024-10-28 13:03:57,546 dycore_driver.py     (1209) : print_config        :  INFO     Diffusion configuration detail: thhgtd_zdiffu 200.0
2024-10-28 13:03:57,546 dycore_driver.py     (1209) : print_config        :  INFO     Diffusion configuration detail: ndyn_substeps 1
2024-10-28 13:03:57,546 dycore_driver.py     (1209) : print_config        :  INFO     Diffusion configuration detail: temperature_boundary_diffusion_denominator 135.0
2024-10-28 13:03:57,546 dycore_driver.py     (1209) : print_config        :  INFO     Diffusion configuration detail: velocity_boundary_diffusion_denominator 200.0
2024-10-28 13:03:57,546 dycore_driver.py     (1209) : print_config        :  INFO     Diffusion configuration detail: nudge_max_coeff 0.075
2024-10-28 13:03:57,546 dycore_driver.py     (1209) : print_config        :  INFO     Diffusion configuration detail: nudge_efold_width 2.0
2024-10-28 13:03:57,546 dycore_driver.py     (1209) : print_config        :  INFO     Diffusion configuration detail: shear_type 0
2024-10-28 13:03:57,546 dycore_driver.py     (1212) : print_config        :  INFO     Solve_nh configuration detail: itime_scheme 4
2024-10-28 13:03:57,546 dycore_driver.py     (1212) : print_config        :  INFO     Solve_nh configuration detail: iadv_rhotheta 2
2024-10-28 13:03:57,546 dycore_driver.py     (1212) : print_config        :  INFO     Solve_nh configuration detail: igradp_method 3
2024-10-28 13:03:57,546 dycore_driver.py     (1212) : print_config        :  INFO     Solve_nh configuration detail: ndyn_substeps_var 1
2024-10-28 13:03:57,546 dycore_driver.py     (1212) : print_config        :  INFO     Solve_nh configuration detail: rayleigh_type 2
2024-10-28 13:03:57,546 dycore_driver.py     (1212) : print_config        :  INFO     Solve_nh configuration detail: rayleigh_coeff 0.05
2024-10-28 13:03:57,547 dycore_driver.py     (1212) : print_config        :  INFO     Solve_nh configuration detail: divdamp_order 24
2024-10-28 13:03:57,547 dycore_driver.py     (1212) : print_config        :  INFO     Solve_nh configuration detail: divdamp_type 3
2024-10-28 13:03:57,547 dycore_driver.py     (1212) : print_config        :  INFO     Solve_nh configuration detail: divdamp_trans_start 12500.0
2024-10-28 13:03:57,547 dycore_driver.py     (1212) : print_config        :  INFO     Solve_nh configuration detail: divdamp_trans_end 17500.0
2024-10-28 13:03:57,547 dycore_driver.py     (1212) : print_config        :  INFO     Solve_nh configuration detail: rhotheta_offctr -0.1
2024-10-28 13:03:57,547 dycore_driver.py     (1212) : print_config        :  INFO     Solve_nh configuration detail: veladv_offctr 0.25
2024-10-28 13:03:57,547 dycore_driver.py     (1212) : print_config        :  INFO     Solve_nh configuration detail: divdamp_fac 0.0025
2024-10-28 13:03:57,547 dycore_driver.py     (1212) : print_config        :  INFO     Solve_nh configuration detail: divdamp_fac2 0.004
2024-10-28 13:03:57,547 dycore_driver.py     (1212) : print_config        :  INFO     Solve_nh configuration detail: divdamp_fac3 0.004
2024-10-28 13:03:57,547 dycore_driver.py     (1212) : print_config        :  INFO     Solve_nh configuration detail: divdamp_fac4 0.004
2024-10-28 13:03:57,547 dycore_driver.py     (1212) : print_config        :  INFO     Solve_nh configuration detail: divdamp_z 32500.0
2024-10-28 13:03:57,547 dycore_driver.py     (1212) : print_config        :  INFO     Solve_nh configuration detail: divdamp_z2 40000.0
2024-10-28 13:03:57,547 dycore_driver.py     (1212) : print_config        :  INFO     Solve_nh configuration detail: divdamp_z3 60000.0
2024-10-28 13:03:57,547 dycore_driver.py     (1212) : print_config        :  INFO     Solve_nh configuration detail: divdamp_z4 80000.0
2024-10-28 13:03:57,547 dycore_driver.py     (1212) : print_config        :  INFO     Solve_nh configuration detail: htop_moist_proc 22500.0
2024-10-28 13:03:57,547 dycore_driver.py     (1212) : print_config        :  INFO     Solve_nh configuration detail: nudge_max_coeff 0.02
2024-10-28 13:03:57,547 dycore_driver.py     (1212) : print_config        :  INFO     Solve_nh configuration detail: l_vert_nested False
2024-10-28 13:03:57,547 dycore_driver.py     (1212) : print_config        :  INFO     Solve_nh configuration detail: is_iau_active False
2024-10-28 13:03:57,547 dycore_driver.py     (1212) : print_config        :  INFO     Solve_nh configuration detail: iau_wgt_dyn 0.0
2024-10-28 13:03:57,547 dycore_driver.py     (1212) : print_config        :  INFO     Solve_nh configuration detail: do_multiple_divdamp False
2024-10-28 13:03:57,547 dycore_driver.py     (1212) : print_config        :  INFO     Solve_nh configuration detail: do_3d_divergence_damping True
2024-10-28 13:03:57,547 dycore_driver.py     (1212) : print_config        :  INFO     Solve_nh configuration detail: do_second_order_3d_divergence_damping True
2024-10-28 13:03:57,547 dycore_driver.py     (1215) : print_config        :  INFO     Output configuration detail: output_time_interval 4:00:00
2024-10-28 13:03:57,547 dycore_driver.py     (1215) : print_config        :  INFO     Output configuration detail: output_file_time_interval 4:00:00
2024-10-28 13:03:57,547 dycore_driver.py     (1215) : print_config        :  INFO     Output configuration detail: output_path .
2024-10-28 13:03:57,547 dycore_driver.py     (1215) : print_config        :  INFO     Output configuration detail: output_initial_condition_as_a_separate_file True
2024-10-28 13:03:57,547 dycore_driver.py     (1215) : print_config        :  INFO     Output configuration detail: output_variable_list <icon4py.model.driver.icon_configuration.OutputVariableList object at 0x7f869e3b6f20>
2024-10-28 13:03:57,558 serialbox_utils.py   (1450) : print_info          :  INFO     SAVEPOINTS: [<Savepoint icon-jabw-const {"n_dom": 1, "date": 2008-09-01T00:00:00.000}>, <Savepoint icon-jabw-init {"nproma": 50000, "nlev": 35, "id": 1, "date": 2008-09-01T00:00:00.000}>, <Savepoint icon-jabw-intermediate {"nproma": 50000, "nlev": 35, "id": 1, "date": 2008-09-01T00:00:00.000}>, <Savepoint icon-jabw-final {"nproma": 50000, "nlev": 35, "id": 1, "date": 2008-09-01T00:00:00.000}>, <Savepoint first_output_var {"nproma": 50000, "nlev": 35, "limited_area": false, "n_dom": 1, "iforcing": 0, "id": 1, "date": 2008-09-01T00:00:00.000}>, <Savepoint icon-grid {"nsteps": 3, "nproma": 50000, "nlev": 35, "limited_area": false, "n_dom": 1, "iforcing": 0, "id": 1, "dtime": 300.000000, "date": 2008-09-01T00:15:00.000}>, <Savepoint interpolation_state {"id": 1}>, <Savepoint metric_state {"id": 1}>, <Savepoint solve_nonhydro {"save_mflx": false, "recompute": true, "linit": true, "istep": 1, "jstep": 0, "id": 1, "prep_adv": false, "dyn_timestep": 1, "dtime": 60.000000, "date": 2008-09-01T00:05:00.000, "clean_mflx": true}>, <Savepoint call-velocity-tendencies {"save_mflx": false, "recompute": true, "linit": true, "istep": 1, "ntnd": 1, "jstep": 0, "id": 1, "prep_adv": false, "dyn_timestep": 1, "dtime": 60.000000, "vn_only": false, "date": 2008-09-01T00:05:00.000, "clean_mflx": true}>, <Savepoint solve_nonhydro {"save_mflx": false, "recompute": true, "linit": true, "istep": 2, "jstep": 0, "id": 1, "prep_adv": false, "dyn_timestep": 1, "dtime": 60.000000, "date": 2008-09-01T00:05:00.000, "clean_mflx": true}>, <Savepoint call-velocity-tendencies {"save_mflx": false, "recompute": true, "linit": true, "istep": 2, "ntnd": 2, "jstep": 0, "id": 1, "prep_adv": false, "dyn_timestep": 1, "dtime": 60.000000, "vn_only": false, "date": 2008-09-01T00:05:00.000, "clean_mflx": true}>, <Savepoint solve_nonhydro_step {"jstep": 0, "id": 1, "dyn_timestep": 1, "dtime": 60.000000, "date": 2008-09-01T00:05:00.000}>, <Savepoint solve_nonhydro {"save_mflx": false, "recompute": false, "linit": false, "istep": 1, "jstep": 1, "id": 1, "prep_adv": false, "dyn_timestep": 2, "dtime": 60.000000, "date": 2008-09-01T00:05:00.000, "clean_mflx": false}>, <Savepoint solve_nonhydro {"save_mflx": false, "recompute": false, "linit": false, "istep": 2, "jstep": 1, "id": 1, "prep_adv": false, "dyn_timestep": 2, "dtime": 60.000000, "date": 2008-09-01T00:05:00.000, "clean_mflx": false}>, <Savepoint call-velocity-tendencies {"save_mflx": false, "recompute": false, "linit": false, "istep": 2, "ntnd": 1, "jstep": 1, "id": 1, "prep_adv": false, "dyn_timestep": 2, "dtime": 60.000000, "vn_only": false, "date": 2008-09-01T00:05:00.000, "clean_mflx": false}>, <Savepoint solve_nonhydro_step {"jstep": 1, "id": 1, "dyn_timestep": 2, "dtime": 60.000000, "date": 2008-09-01T00:05:00.000}>, <Savepoint solve_nonhydro {"save_mflx": false, "recompute": false, "linit": false, "istep": 1, "jstep": 2, "id": 1, "prep_adv": false, "dyn_timestep": 3, "dtime": 60.000000, "date": 2008-09-01T00:05:00.000, "clean_mflx": false}>, <Savepoint solve_nonhydro {"save_mflx": false, "recompute": false, "linit": false, "istep": 2, "jstep": 2, "id": 1, "prep_adv": false, "dyn_timestep": 3, "dtime": 60.000000, "date": 2008-09-01T00:05:00.000, "clean_mflx": false}>, <Savepoint call-velocity-tendencies {"save_mflx": false, "recompute": false, "linit": false, "istep": 2, "ntnd": 2, "jstep": 2, "id": 1, "prep_adv": false, "dyn_timestep": 3, "dtime": 60.000000, "vn_only": false, "date": 2008-09-01T00:05:00.000, "clean_mflx": false}>, <Savepoint solve_nonhydro_step {"jstep": 2, "id": 1, "dyn_timestep": 3, "dtime": 60.000000, "date": 2008-09-01T00:05:00.000}>, <Savepoint solve_nonhydro {"save_mflx": false, "recompute": false, "linit": false, "istep": 1, "jstep": 3, "id": 1, "prep_adv": false, "dyn_timestep": 4, "dtime": 60.000000, "date": 2008-09-01T00:05:00.000, "clean_mflx": false}>, <Savepoint solve_nonhydro {"save_mflx": false, "recompute": false, "linit": false, "istep": 2, "jstep": 3, "id": 1, "prep_adv": false, "dyn_timestep": 4, "dtime": 60.000000, "date": 2008-09-01T00:05:00.000, "clean_mflx": false}>, <Savepoint call-velocity-tendencies {"save_mflx": false, "recompute": false, "linit": false, "istep": 2, "ntnd": 1, "jstep": 3, "id": 1, "prep_adv": false, "dyn_timestep": 4, "dtime": 60.000000, "vn_only": false, "date": 2008-09-01T00:05:00.000, "clean_mflx": false}>, <Savepoint solve_nonhydro_step {"jstep": 3, "id": 1, "dyn_timestep": 4, "dtime": 60.000000, "date": 2008-09-01T00:05:00.000}>, <Savepoint solve_nonhydro {"save_mflx": false, "recompute": false, "linit": false, "istep": 1, "jstep": 4, "id": 1, "prep_adv": false, "dyn_timestep": 5, "dtime": 60.000000, "date": 2008-09-01T00:05:00.000, "clean_mflx": false}>, <Savepoint solve_nonhydro {"save_mflx": false, "recompute": false, "linit": false, "istep": 2, "jstep": 4, "id": 1, "prep_adv": false, "dyn_timestep": 5, "dtime": 60.000000, "date": 2008-09-01T00:05:00.000, "clean_mflx": false}>, <Savepoint call-velocity-tendencies {"save_mflx": false, "recompute": false, "linit": false, "istep": 2, "ntnd": 2, "jstep": 4, "id": 1, "prep_adv": false, "dyn_timestep": 5, "dtime": 60.000000, "vn_only": false, "date": 2008-09-01T00:05:00.000, "clean_mflx": false}>, <Savepoint solve_nonhydro_step {"jstep": 4, "id": 1, "dyn_timestep": 5, "dtime": 60.000000, "date": 2008-09-01T00:05:00.000}>, <Savepoint call-diffusion-init {"nshift": 0, "nproma": 50000, "linit": false, "nlev": 35, "limited_area": false, "id": 1, "exit": false, "dtime": 300.000000, "date": 2008-09-01T00:05:00.000}>, <Savepoint call-diffusion-exit {"nshift": 0, "nproma": 50000, "linit": false, "nlev": 35, "limited_area": false, "id": 1, "exit": true, "dtime": 300.000000, "date": 2008-09-01T00:05:00.000}>, <Savepoint solve_nonhydro {"save_mflx": false, "recompute": true, "linit": false, "istep": 1, "jstep": 0, "id": 1, "prep_adv": false, "dyn_timestep": 1, "dtime": 60.000000, "date": 2008-09-01T00:10:00.000, "clean_mflx": true}>, <Savepoint call-velocity-tendencies {"save_mflx": false, "recompute": true, "linit": false, "istep": 1, "ntnd": 2, "jstep": 0, "id": 1, "prep_adv": false, "dyn_timestep": 1, "dtime": 60.000000, "vn_only": true, "date": 2008-09-01T00:10:00.000, "clean_mflx": true}>, <Savepoint solve_nonhydro {"save_mflx": false, "recompute": true, "linit": false, "istep": 2, "jstep": 0, "id": 1, "prep_adv": false, "dyn_timestep": 1, "dtime": 60.000000, "date": 2008-09-01T00:10:00.000, "clean_mflx": true}>, <Savepoint call-velocity-tendencies {"save_mflx": false, "recompute": true, "linit": false, "istep": 2, "ntnd": 1, "jstep": 0, "id": 1, "prep_adv": false, "dyn_timestep": 1, "dtime": 60.000000, "vn_only": false, "date": 2008-09-01T00:10:00.000, "clean_mflx": true}>, <Savepoint solve_nonhydro_step {"jstep": 0, "id": 1, "dyn_timestep": 1, "dtime": 60.000000, "date": 2008-09-01T00:10:00.000}>, <Savepoint solve_nonhydro {"save_mflx": false, "recompute": false, "linit": false, "istep": 1, "jstep": 1, "id": 1, "prep_adv": false, "dyn_timestep": 2, "dtime": 60.000000, "date": 2008-09-01T00:10:00.000, "clean_mflx": false}>, <Savepoint solve_nonhydro {"save_mflx": false, "recompute": false, "linit": false, "istep": 2, "jstep": 1, "id": 1, "prep_adv": false, "dyn_timestep": 2, "dtime": 60.000000, "date": 2008-09-01T00:10:00.000, "clean_mflx": false}>, <Savepoint call-velocity-tendencies {"save_mflx": false, "recompute": false, "linit": false, "istep": 2, "ntnd": 2, "jstep": 1, "id": 1, "prep_adv": false, "dyn_timestep": 2, "dtime": 60.000000, "vn_only": false, "date": 2008-09-01T00:10:00.000, "clean_mflx": false}>, <Savepoint solve_nonhydro_step {"jstep": 1, "id": 1, "dyn_timestep": 2, "dtime": 60.000000, "date": 2008-09-01T00:10:00.000}>, <Savepoint solve_nonhydro {"save_mflx": false, "recompute": false, "linit": false, "istep": 1, "jstep": 2, "id": 1, "prep_adv": false, "dyn_timestep": 3, "dtime": 60.000000, "date": 2008-09-01T00:10:00.000, "clean_mflx": false}>, <Savepoint solve_nonhydro {"save_mflx": false, "recompute": false, "linit": false, "istep": 2, "jstep": 2, "id": 1, "prep_adv": false, "dyn_timestep": 3, "dtime": 60.000000, "date": 2008-09-01T00:10:00.000, "clean_mflx": false}>, <Savepoint call-velocity-tendencies {"save_mflx": false, "recompute": false, "linit": false, "istep": 2, "ntnd": 1, "jstep": 2, "id": 1, "prep_adv": false, "dyn_timestep": 3, "dtime": 60.000000, "vn_only": false, "date": 2008-09-01T00:10:00.000, "clean_mflx": false}>, <Savepoint solve_nonhydro_step {"jstep": 2, "id": 1, "dyn_timestep": 3, "dtime": 60.000000, "date": 2008-09-01T00:10:00.000}>, <Savepoint solve_nonhydro {"save_mflx": false, "recompute": false, "linit": false, "istep": 1, "jstep": 3, "id": 1, "prep_adv": false, "dyn_timestep": 4, "dtime": 60.000000, "date": 2008-09-01T00:10:00.000, "clean_mflx": false}>, <Savepoint solve_nonhydro {"save_mflx": false, "recompute": false, "linit": false, "istep": 2, "jstep": 3, "id": 1, "prep_adv": false, "dyn_timestep": 4, "dtime": 60.000000, "date": 2008-09-01T00:10:00.000, "clean_mflx": false}>, <Savepoint call-velocity-tendencies {"save_mflx": false, "recompute": false, "linit": false, "istep": 2, "ntnd": 2, "jstep": 3, "id": 1, "prep_adv": false, "dyn_timestep": 4, "dtime": 60.000000, "vn_only": false, "date": 2008-09-01T00:10:00.000, "clean_mflx": false}>, <Savepoint solve_nonhydro_step {"jstep": 3, "id": 1, "dyn_timestep": 4, "dtime": 60.000000, "date": 2008-09-01T00:10:00.000}>, <Savepoint solve_nonhydro {"save_mflx": false, "recompute": false, "linit": false, "istep": 1, "jstep": 4, "id": 1, "prep_adv": false, "dyn_timestep": 5, "dtime": 60.000000, "date": 2008-09-01T00:10:00.000, "clean_mflx": false}>, <Savepoint solve_nonhydro {"save_mflx": false, "recompute": false, "linit": false, "istep": 2, "jstep": 4, "id": 1, "prep_adv": false, "dyn_timestep": 5, "dtime": 60.000000, "date": 2008-09-01T00:10:00.000, "clean_mflx": false}>, <Savepoint call-velocity-tendencies {"save_mflx": false, "recompute": false, "linit": false, "istep": 2, "ntnd": 1, "jstep": 4, "id": 1, "prep_adv": false, "dyn_timestep": 5, "dtime": 60.000000, "vn_only": false, "date": 2008-09-01T00:10:00.000, "clean_mflx": false}>, <Savepoint solve_nonhydro_step {"jstep": 4, "id": 1, "dyn_timestep": 5, "dtime": 60.000000, "date": 2008-09-01T00:10:00.000}>, <Savepoint call-diffusion-init {"nshift": 0, "nproma": 50000, "linit": false, "nlev": 35, "limited_area": false, "id": 1, "exit": false, "dtime": 300.000000, "date": 2008-09-01T00:10:00.000}>, <Savepoint call-diffusion-exit {"nshift": 0, "nproma": 50000, "linit": false, "nlev": 35, "limited_area": false, "id": 1, "exit": true, "dtime": 300.000000, "date": 2008-09-01T00:10:00.000}>, <Savepoint solve_nonhydro {"save_mflx": false, "recompute": true, "linit": false, "istep": 1, "jstep": 0, "id": 1, "prep_adv": false, "dyn_timestep": 1, "dtime": 60.000000, "date": 2008-09-01T00:15:00.000, "clean_mflx": true}>, <Savepoint call-velocity-tendencies {"save_mflx": false, "recompute": true, "linit": false, "istep": 1, "ntnd": 1, "jstep": 0, "id": 1, "prep_adv": false, "dyn_timestep": 1, "dtime": 60.000000, "vn_only": true, "date": 2008-09-01T00:15:00.000, "clean_mflx": true}>, <Savepoint solve_nonhydro {"save_mflx": false, "recompute": true, "linit": false, "istep": 2, "jstep": 0, "id": 1, "prep_adv": false, "dyn_timestep": 1, "dtime": 60.000000, "date": 2008-09-01T00:15:00.000, "clean_mflx": true}>, <Savepoint call-velocity-tendencies {"save_mflx": false, "recompute": true, "linit": false, "istep": 2, "ntnd": 2, "jstep": 0, "id": 1, "prep_adv": false, "dyn_timestep": 1, "dtime": 60.000000, "vn_only": false, "date": 2008-09-01T00:15:00.000, "clean_mflx": true}>, <Savepoint solve_nonhydro_step {"jstep": 0, "id": 1, "dyn_timestep": 1, "dtime": 60.000000, "date": 2008-09-01T00:15:00.000}>, <Savepoint solve_nonhydro {"save_mflx": false, "recompute": false, "linit": false, "istep": 1, "jstep": 1, "id": 1, "prep_adv": false, "dyn_timestep": 2, "dtime": 60.000000, "date": 2008-09-01T00:15:00.000, "clean_mflx": false}>, <Savepoint solve_nonhydro {"save_mflx": false, "recompute": false, "linit": false, "istep": 2, "jstep": 1, "id": 1, "prep_adv": false, "dyn_timestep": 2, "dtime": 60.000000, "date": 2008-09-01T00:15:00.000, "clean_mflx": false}>, <Savepoint call-velocity-tendencies {"save_mflx": false, "recompute": false, "linit": false, "istep": 2, "ntnd": 1, "jstep": 1, "id": 1, "prep_adv": false, "dyn_timestep": 2, "dtime": 60.000000, "vn_only": false, "date": 2008-09-01T00:15:00.000, "clean_mflx": false}>, <Savepoint solve_nonhydro_step {"jstep": 1, "id": 1, "dyn_timestep": 2, "dtime": 60.000000, "date": 2008-09-01T00:15:00.000}>, <Savepoint solve_nonhydro {"save_mflx": false, "recompute": false, "linit": false, "istep": 1, "jstep": 2, "id": 1, "prep_adv": false, "dyn_timestep": 3, "dtime": 60.000000, "date": 2008-09-01T00:15:00.000, "clean_mflx": false}>, <Savepoint solve_nonhydro {"save_mflx": false, "recompute": false, "linit": false, "istep": 2, "jstep": 2, "id": 1, "prep_adv": false, "dyn_timestep": 3, "dtime": 60.000000, "date": 2008-09-01T00:15:00.000, "clean_mflx": false}>, <Savepoint call-velocity-tendencies {"save_mflx": false, "recompute": false, "linit": false, "istep": 2, "ntnd": 2, "jstep": 2, "id": 1, "prep_adv": false, "dyn_timestep": 3, "dtime": 60.000000, "vn_only": false, "date": 2008-09-01T00:15:00.000, "clean_mflx": false}>, <Savepoint solve_nonhydro_step {"jstep": 2, "id": 1, "dyn_timestep": 3, "dtime": 60.000000, "date": 2008-09-01T00:15:00.000}>, <Savepoint solve_nonhydro {"save_mflx": false, "recompute": false, "linit": false, "istep": 1, "jstep": 3, "id": 1, "prep_adv": false, "dyn_timestep": 4, "dtime": 60.000000, "date": 2008-09-01T00:15:00.000, "clean_mflx": false}>, <Savepoint solve_nonhydro {"save_mflx": false, "recompute": false, "linit": false, "istep": 2, "jstep": 3, "id": 1, "prep_adv": false, "dyn_timestep": 4, "dtime": 60.000000, "date": 2008-09-01T00:15:00.000, "clean_mflx": false}>, <Savepoint call-velocity-tendencies {"save_mflx": false, "recompute": false, "linit": false, "istep": 2, "ntnd": 1, "jstep": 3, "id": 1, "prep_adv": false, "dyn_timestep": 4, "dtime": 60.000000, "vn_only": false, "date": 2008-09-01T00:15:00.000, "clean_mflx": false}>, <Savepoint solve_nonhydro_step {"jstep": 3, "id": 1, "dyn_timestep": 4, "dtime": 60.000000, "date": 2008-09-01T00:15:00.000}>, <Savepoint solve_nonhydro {"save_mflx": false, "recompute": false, "linit": false, "istep": 1, "jstep": 4, "id": 1, "prep_adv": false, "dyn_timestep": 5, "dtime": 60.000000, "date": 2008-09-01T00:15:00.000, "clean_mflx": false}>, <Savepoint solve_nonhydro {"save_mflx": false, "recompute": false, "linit": false, "istep": 2, "jstep": 4, "id": 1, "prep_adv": false, "dyn_timestep": 5, "dtime": 60.000000, "date": 2008-09-01T00:15:00.000, "clean_mflx": false}>, <Savepoint call-velocity-tendencies {"save_mflx": false, "recompute": false, "linit": false, "istep": 2, "ntnd": 2, "jstep": 4, "id": 1, "prep_adv": false, "dyn_timestep": 5, "dtime": 60.000000, "vn_only": false, "date": 2008-09-01T00:15:00.000, "clean_mflx": false}>, <Savepoint solve_nonhydro_step {"jstep": 4, "id": 1, "dyn_timestep": 5, "dtime": 60.000000, "date": 2008-09-01T00:15:00.000}>, <Savepoint call-diffusion-init {"nshift": 0, "nproma": 50000, "linit": false, "nlev": 35, "limited_area": false, "id": 1, "exit": false, "dtime": 300.000000, "date": 2008-09-01T00:15:00.000}>, <Savepoint call-diffusion-exit {"nshift": 0, "nproma": 50000, "linit": false, "nlev": 35, "limited_area": false, "id": 1, "exit": true, "dtime": 300.000000, "date": 2008-09-01T00:15:00.000}>]
2024-10-28 13:03:57,559 serialbox_utils.py   (1451) : print_info          :  INFO     FIELDNAMES: ['zeta_v_init', 'zeta_v_e_final', 'zd_vertoffset', 'zd_diffcoef', 'z_theta_v_e', 'z_rho_expl', 'z_q', 'z_mc', 'z_gradh_exner', 'z_graddiv_vn', 'z_exner_expl', 'z_contr_w_fl_l', 'z_alpha', 'x_z_w_expl', 'x_z_w_concorr_me', 'x_z_w_concorr_mc', 'x_z_w_con_c_full', 'x_z_w_con_c', 'x_z_vt_ie', 'x_z_v_grad_w', 'x_z_theta_v_pr_ic', 'x_z_theta_v_fl_e', 'x_z_th_ddz_exner_c', 'x_z_rth_pr', 'x_z_rho_v', 'x_z_rho_e', 'x_z_hydro_corr', 'x_z_gradh_exner', 'x_z_graddiv_vn', 'x_z_grad_rth', 'x_z_flxdiv_theta', 'x_z_exner_ic', 'x_z_exner_expl', 'x_z_alpha', 'x_w_concorr_c', 'x_vn_ie', 'x_vcfl_dsl', 'x_theta_v_new', 'nudgecoeff_e', 'nshift_total', 'wgtfacq_c', 'nrdmax', 'nlev', 'primal_normal_cell_y', 'nflatlev', 'wgtfac_c', 'zeta_v_final', 'exner_exfac', 'primal_normal_vert_y', 'x_z_contr_w_fl', 'n_patch_edges', 'mean_cell_area', 'max_vcfl_dyn', 'e2c', 'latC', 'x_ddt_w_adv_pc', 'jw_up', 'ipeidx_dsl', 'theta_v_init', 'hmask_dd3d', 'grf_tend_w', 'num_edges', 'x_z_exner_ex_pr', 'grf_tend_thv', 'mass_fl_e', 'rbf_vec_coeff_c1', 'x_z_dwdz_dd', 'inv_primal_edge_length', 'geopot', 'exner_now', 'rho_intermediate', 'geofac_rot', 'f_e', 'v_owner_mask', 'n_patch_edges_g', 'edges_center_lat', 'wgt_nnow_vel', 'x_prep_adv_mass_flx_me', 'inv_vert_vert_length', 'v_decomp_domain', 'grf_tend_vn', 'output_diag_exner_pr', 'exner_final', 'cell_areas', 'rbf_vec_coeff_v2', 'pressure_surface', 'rho_ref_mc', 'exner_dyn_incr', 'lonC', 'exner', 'x_z_kin_hor_e', 'vct_a', 'geofac_div', 'etat', 'x_vn_new', 'edges_center_lon', 'e_start_index', 'ddqz_z_full_e', 'x_z_beta', 'ddqz_z_half', 'geofac_grdiv', 'div_ic', 'pos_on_tplane_e_x', 'd2dexdz2_fac2_mc', 'x_z_theta_v_e', 'c_lin_e', 'wgt_nnew_vel', 'vn', 'cfl_w_limit', 'c_start_index', 'grf_tend_rho', 'dual_edge_length', 'rbf_vec_coeff_c2', 'n_patch_cells', 'cells_edge_orientation', 'inv_ddqz_z_full', 'ddqz_z_full', 'v_dual_area', 'e2c2e', 'num_vert', 'inv_dual_edge_length', 'mask_prog_halo_c', 'ddt_exner_phy', 'z_rho_e', 'ddt_w_adv_pc', 'mask_hdiff', 'dual_normal_vert_y', 'dual_normal_vert_x', 'z_beta', 'prep_adv_mass_flx_ic', 'x_z_dexner_dz_c', 'bdy_diff', 'z_dwdz_dd', 'coeff_gradekin', 'v2c', 'e_end_index', 'wgtfac_e', 'diff_multfac_w', 'x_w_new', 'pressure_intermediate', 'smag_limit', 'output_diag_ddt_vn_apc_pc', 'ddxn_z_full', 'num_cells', 'z_vt_ie', 'x_z_q', 'c_owner_mask', 'hdef_ic', 'fac_bdydiff_v', 'coeff2_dwdz', 'output_diag_ddt_exner_phy', 'ddt_vn_apc_pc', 'exner_new', 'exner_init', 'x_ddt_vn_apc_pc', 'c2e', 'c_refin_ctl', 'x_z_rho_expl', 'pressure_init', 'c2e2c2e', 'vt', 'c_intp', 'ddt_w_adv_ntl', 'c_glb_index', 'theta_ref_me', 'x_vn', 'n_patch_cells_g', 'c_decomp_domain', 'e_owner_mask', 'vwind_impl_wgt', 'coeff1_dwdz', 'theta_v', 'd_exner_dz_ref_ic', 'bdy_divdamp', 'exner_pr', 'z_w_expl', 'vn_now', 'cell_center_lon', 'e_bln_c_s', 'diff_multfac_n2w', 'c_end_index', 'edge_cell_length', 'output_diag_virtual_temperature', 'ddt_vn_phy', 'e_glb_index', 'geofac_n2s', 'nudgezone_diff', 'diff_multfac_smag', 'output_diag_ddt_w_adv_ntl', 'diff_multfac_vn', 'nshift', 'x_exner_new', 'primal_edge_length', 'x_vt', 'e2v', 'e_flx_avg', 'divdamp_fac_o2', 'eta0', 'x_exner_now', 'dtemp', 'jw_temp0', 'n_patch_verts', 'v_lon', 'dual_normal_cell_x', 'gamma', 'rho_now', 'edge_areas', 'z_kin_hor_e', 'dual_normal_cell_y', 'e_decomp_domain', 'z_w_concorr_me', 'output_diag_ddt_vn_phy', 'output_diag_pressure', 'x_z_ekinh', 'rho_ref_me', 'output_diag_temperature', 'output_diag_u', 'output_diag_v', 'p_sfc_jabw', 'pg_edgeidx_dsl', 'pg_exdist_dsl', 'prep_adv_vn_traj', 'primal_normal_cell_x', 'v_end_index', 'primal_normal_v2', 'theta_v_final', 'primal_normal_vert_x', 'exner_ref_mc', 'rayleigh_w', 'rbf_vec_blk_v', 'geofac_grg', 'cell_center_lat', 'x_mass_fl_e', 'pos_on_tplane_e_y', 'rbf_vec_coeff_e', 'w_final', 'd2dexdz2_fac1_mc', 'rbf_vec_coeff_v1', 'rd_o_cvd', 'zdiff_gradp_dsl', 'vn_final', 'x_theta_v', 'rho', 'x_theta_v_now', 'exner_intermediate', 'rho_final', 'x_z_vn_avg', 'prep_adv_mass_flx_me', 'rho_ic', 'x_z_w_v', 'vn_init', 'rho_init', 'rho_new', 'temperature_final', 'scal_divdamp', 'scal_divdamp_o2', 'nflat_gradp', 'e2c2v', 'scalfac_dd3d', 'scalfac_exdiff', 'vwind_expl_wgt', 'x_w', 'x_exner_pr', 'ddxt_z_full', 'pressure_final', 'smag_offset', 'enh_smag_fac', 'v2c2v', 'n_patch_verts_g', 'output_diag_pressure_ifc', 'tangent_orientation', 'theta_v_intermediate', 'z_ifc', 'boundary_depth_index', 'v2e', 'temperature_init', 'wgt_nnew_rth', 'temperature_intermediate', 'x_z_flxdiv_mass', 'theta_ref_ic', 'x_rho_now', 'theta_ref_mc', 'x_z_theta_v_v', 'rbf_vec_idx_v', 'theta_v_ic', 'theta_v_new', 'theta_v_now', 'v_edge_orientation', 'v_glb_index', 'e_refin_ctl', 'v_lat', 'c2v', 'v_num_edges', 'v_refin_ctl', 'wgt_nnow_rth', 'v_start_index', 'vcoef', 'c2e2c', 'vn_ie', 'jw_u0', 'vct_b', 'zeta_v_e_init', 'vertoffset_gradp_dsl', 'output_diag_pressure_sfc', 'output_diag_temperature_ifc', 'vn_new', 'w', 'w_concorr_c', 'w_init', 'w_new', 'w_now', 'wgtfacq_c_dsl', 'bdy_halo_c', 'x_cfl_clipping', 'x_div_ic', 'x_exner', 'x_exner_dyn_incr', 'x_hdef_ic', 'primal_normal_v1', 'x_max_vcfl_dyn', 'x_prep_adv_mass_flx_ic', 'x_prep_adv_vn_traj', 'wgtfacq_e', 'x_rho_ic', 'x_rho_new', 'x_theta_v_ic']
2024-10-28 13:03:57,564 dycore_driver.py     (1257) : initialize          :  INFO     initializing the grid from '/home/ong/PycharmProjects/main/testdata/jw_exclaim_node1_r2b4_nproma50000'
2024-10-28 13:03:57,577 serialbox_utils.py   (322 ) : _get_connectivity_array:  DEBUG     connectivity c2e2c : (20480, 3)
2024-10-28 13:03:57,579 serialbox_utils.py   (322 ) : _get_connectivity_array:  DEBUG     connectivity e2c2e : (30720, 4)
2024-10-28 13:03:57,582 serialbox_utils.py   (322 ) : _get_connectivity_array:  DEBUG     connectivity c2e : (20480, 3)
2024-10-28 13:03:57,584 serialbox_utils.py   (322 ) : _get_connectivity_array:  DEBUG     connectivity c2v : (20480, 3)
2024-10-28 13:03:57,585 serialbox_utils.py   (322 ) : _get_connectivity_array:  DEBUG     connectivity e2c : (30720, 2)
2024-10-28 13:03:57,589 serialbox_utils.py   (322 ) : _get_connectivity_array:  DEBUG     connectivity c2e2c2e : (20480, 9)
2024-10-28 13:03:57,593 serialbox_utils.py   (322 ) : _get_connectivity_array:  DEBUG     connectivity c2e2c2e : (20480, 9)
2024-10-28 13:03:57,596 serialbox_utils.py   (322 ) : _get_connectivity_array:  DEBUG     connectivity e2v : (30720, 4)
2024-10-28 13:03:57,596 serialbox_utils.py   (347 ) : e2v                 :  DEBUG    real e2v (30720, 2)
2024-10-28 13:03:57,600 serialbox_utils.py   (322 ) : _get_connectivity_array:  DEBUG     connectivity v2e : (10242, 6)
2024-10-28 13:03:57,604 serialbox_utils.py   (322 ) : _get_connectivity_array:  DEBUG     connectivity v2c : (10242, 6)
2024-10-28 13:03:57,609 serialbox_utils.py   (322 ) : _get_connectivity_array:  DEBUG     connectivity v2c2v : (10242, 6)
2024-10-28 13:03:57,610 serialbox_utils.py   (322 ) : _get_connectivity_array:  DEBUG     connectivity v2c2v : (10242, 6)
2024-10-28 13:03:57,612 serialbox_utils.py   (322 ) : _get_connectivity_array:  DEBUG     connectivity v2c : (10242, 6)
2024-10-28 13:03:57,613 serialbox_utils.py   (322 ) : _get_connectivity_array:  DEBUG     connectivity c2e : (20480, 3)
2024-10-28 13:03:57,614 serialbox_utils.py   (322 ) : _get_connectivity_array:  DEBUG     connectivity v2e : (10242, 6)
2024-10-28 13:03:57,806 serialbox_utils.py   (322 ) : _get_connectivity_array:  DEBUG     connectivity e2v : (30720, 4)
2024-10-28 13:03:57,807 serialbox_utils.py   (322 ) : _get_connectivity_array:  DEBUG     connectivity c2v : (20480, 3)
2024-10-28 13:03:57,809 dycore_driver.py     (1265) : initialize          :  INFO     reading input fields from '/home/ong/PycharmProjects/main/testdata/jw_exclaim_node1_r2b4_nproma50000'
2024-10-28 13:03:57,825 serialbox_utils.py   (96  ) : _get_field          :  DEBUG    primal_normal_vert_x (30720, 4)
2024-10-28 13:03:57,829 serialbox_utils.py   (96  ) : _get_field          :  DEBUG    primal_normal_vert_y (30720, 4)
2024-10-28 13:03:57,832 serialbox_utils.py   (96  ) : _get_field          :  DEBUG    dual_normal_vert_x (30720, 4)
2024-10-28 13:03:57,833 serialbox_utils.py   (96  ) : _get_field          :  DEBUG    dual_normal_vert_y (30720, 4)
2024-10-28 13:03:57,835 serialbox_utils.py   (96  ) : _get_field          :  DEBUG    primal_normal_cell_x (30720, 2)
2024-10-28 13:03:57,837 serialbox_utils.py   (96  ) : _get_field          :  DEBUG    primal_normal_cell_y (30720, 2)
2024-10-28 13:03:57,838 serialbox_utils.py   (96  ) : _get_field          :  DEBUG    dual_normal_cell_x (30720, 2)
2024-10-28 13:03:57,839 serialbox_utils.py   (96  ) : _get_field          :  DEBUG    dual_normal_cell_y (30720, 2)
2024-10-28 13:03:57,840 serialbox_utils.py   (96  ) : _get_field          :  DEBUG    tangent_orientation (30720,)
2024-10-28 13:03:57,840 serialbox_utils.py   (105 ) : _get_reciprocal_field:  DEBUG    inv_primal_edge_length (30720,)
2024-10-28 13:03:57,841 serialbox_utils.py   (96  ) : _get_field          :  DEBUG    inv_primal_edge_length (30720,)
2024-10-28 13:03:57,841 serialbox_utils.py   (105 ) : _get_reciprocal_field:  DEBUG    inv_dual_edge_length (30720,)
2024-10-28 13:03:57,842 serialbox_utils.py   (96  ) : _get_field          :  DEBUG    inv_dual_edge_length (30720,)
2024-10-28 13:03:57,842 serialbox_utils.py   (105 ) : _get_reciprocal_field:  DEBUG    inv_vert_vert_length (30720,)
2024-10-28 13:03:57,843 serialbox_utils.py   (96  ) : _get_field          :  DEBUG    inv_vert_vert_length (30720,)
2024-10-28 13:03:57,843 serialbox_utils.py   (96  ) : _get_field          :  DEBUG    edge_areas (30720,)
2024-10-28 13:03:57,844 serialbox_utils.py   (96  ) : _get_field          :  DEBUG    f_e (30720,)
2024-10-28 13:03:57,844 serialbox_utils.py   (96  ) : _get_field          :  DEBUG    edges_center_lat (30720,)
2024-10-28 13:03:57,845 serialbox_utils.py   (96  ) : _get_field          :  DEBUG    edges_center_lon (30720,)
2024-10-28 13:03:57,846 serialbox_utils.py   (96  ) : _get_field          :  DEBUG    primal_normal_v1 (30720,)
2024-10-28 13:03:57,846 serialbox_utils.py   (96  ) : _get_field          :  DEBUG    primal_normal_v2 (30720,)
2024-10-28 13:03:57,847 serialbox_utils.py   (96  ) : _get_field          :  DEBUG    cell_center_lat (20480,)
2024-10-28 13:03:57,848 serialbox_utils.py   (96  ) : _get_field          :  DEBUG    cell_center_lon (20480,)
2024-10-28 13:03:57,848 serialbox_utils.py   (96  ) : _get_field          :  DEBUG    cell_areas (20480,)
2024-10-28 13:03:57,849 serialbox_utils.py   (96  ) : _get_field          :  DEBUG    vct_a (36,)
2024-10-28 13:03:57,849 vertical.py          (64  ) : __post_init__       :  INFO     computation of moist physics start on layer: 1
2024-10-28 13:03:57,849 vertical.py          (65  ) : __post_init__       :  INFO     end index of Rayleigh damping layer for w: 0 
2024-10-28 13:03:57,849 serialbox_utils.py   (96  ) : _get_field          :  DEBUG    c_owner_mask (20480,)
2024-10-28 13:03:57,861 serialbox_utils.py   (322 ) : _get_connectivity_array:  DEBUG     connectivity c2e2c : (20480, 3)
2024-10-28 13:03:57,863 serialbox_utils.py   (322 ) : _get_connectivity_array:  DEBUG     connectivity e2c2e : (30720, 4)
2024-10-28 13:03:57,866 serialbox_utils.py   (322 ) : _get_connectivity_array:  DEBUG     connectivity c2e : (20480, 3)
2024-10-28 13:03:57,867 serialbox_utils.py   (322 ) : _get_connectivity_array:  DEBUG     connectivity c2v : (20480, 3)
2024-10-28 13:03:57,867 serialbox_utils.py   (322 ) : _get_connectivity_array:  DEBUG     connectivity e2c : (30720, 2)
2024-10-28 13:03:57,870 serialbox_utils.py   (322 ) : _get_connectivity_array:  DEBUG     connectivity c2e2c2e : (20480, 9)
2024-10-28 13:03:57,873 serialbox_utils.py   (322 ) : _get_connectivity_array:  DEBUG     connectivity c2e2c2e : (20480, 9)
2024-10-28 13:03:57,875 serialbox_utils.py   (322 ) : _get_connectivity_array:  DEBUG     connectivity e2v : (30720, 4)
2024-10-28 13:03:57,876 serialbox_utils.py   (347 ) : e2v                 :  DEBUG    real e2v (30720, 2)
2024-10-28 13:03:57,877 serialbox_utils.py   (322 ) : _get_connectivity_array:  DEBUG     connectivity v2e : (10242, 6)
2024-10-28 13:03:57,879 serialbox_utils.py   (322 ) : _get_connectivity_array:  DEBUG     connectivity v2c : (10242, 6)
2024-10-28 13:03:57,880 serialbox_utils.py   (322 ) : _get_connectivity_array:  DEBUG     connectivity v2c2v : (10242, 6)
2024-10-28 13:03:57,881 serialbox_utils.py   (322 ) : _get_connectivity_array:  DEBUG     connectivity v2c2v : (10242, 6)
2024-10-28 13:03:57,883 serialbox_utils.py   (322 ) : _get_connectivity_array:  DEBUG     connectivity v2c : (10242, 6)
2024-10-28 13:03:57,883 serialbox_utils.py   (322 ) : _get_connectivity_array:  DEBUG     connectivity c2e : (20480, 3)
2024-10-28 13:03:57,885 serialbox_utils.py   (322 ) : _get_connectivity_array:  DEBUG     connectivity v2e : (10242, 6)
2024-10-28 13:03:58,063 serialbox_utils.py   (322 ) : _get_connectivity_array:  DEBUG     connectivity e2v : (30720, 4)
2024-10-28 13:03:58,063 serialbox_utils.py   (322 ) : _get_connectivity_array:  DEBUG     connectivity c2v : (20480, 3)
2024-10-28 13:03:58,073 serialbox_utils.py   (96  ) : _get_field          :  DEBUG    e_bln_c_s (20480, 3)
2024-10-28 13:03:58,078 serialbox_utils.py   (96  ) : _get_field          :  DEBUG    rbf_vec_coeff_v1 (10242, 6)
2024-10-28 13:03:58,080 serialbox_utils.py   (96  ) : _get_field          :  DEBUG    rbf_vec_coeff_v2 (10242, 6)
2024-10-28 13:03:58,082 serialbox_utils.py   (96  ) : _get_field          :  DEBUG    geofac_div (20480, 3)
2024-10-28 13:03:58,085 serialbox_utils.py   (96  ) : _get_field          :  DEBUG    geofac_n2s (20480, 4)
2024-10-28 13:03:58,086 serialbox_utils.py   (96  ) : _get_field          :  DEBUG    nudgecoeff_e (30720,)
2024-10-28 13:03:58,092 serialbox_utils.py   (96  ) : _get_field          :  DEBUG    mask_hdiff (20480, 35)
2024-10-28 13:03:58,113 serialbox_utils.py   (96  ) : _get_field          :  DEBUG    theta_ref_mc (20480, 35)
2024-10-28 13:03:58,134 serialbox_utils.py   (96  ) : _get_field          :  DEBUG    wgtfac_c (20480, 36)
2024-10-28 13:03:58,299 serialbox_utils.py   (96  ) : _get_field          :  DEBUG    zd_diffcoef (20480, 35)
2024-10-28 13:03:58,307 serialbox_utils.py   (96  ) : _get_field          :  DEBUG    cells_edge_orientation (20480, 3)
2024-10-28 13:03:58,308 serialbox_utils.py   (96  ) : _get_field          :  DEBUG    cell_areas (20480,)
2024-10-28 13:03:58,309 serialbox_utils.py   (105 ) : _get_reciprocal_field:  DEBUG    inv_primal_edge_length (30720,)
2024-10-28 13:03:58,310 serialbox_utils.py   (322 ) : _get_connectivity_array:  DEBUG     connectivity v2c : (10242, 6)
2024-10-28 13:03:58,311 serialbox_utils.py   (322 ) : _get_connectivity_array:  DEBUG     connectivity c2e : (20480, 3)
2024-10-28 13:03:58,312 serialbox_utils.py   (322 ) : _get_connectivity_array:  DEBUG     connectivity v2c : (10242, 6)
2024-10-28 13:03:58,312 serialbox_utils.py   (322 ) : _get_connectivity_array:  DEBUG     connectivity c2e : (20480, 3)
2024-10-28 13:03:58,314 serialbox_utils.py   (322 ) : _get_connectivity_array:  DEBUG     connectivity v2e : (10242, 6)
2024-10-28 13:03:59,310 serialbox_utils.py   (96  ) : _get_field          :  DEBUG    geofac_div (20480, 3)
2024-10-28 13:03:59,311 serialbox_utils.py   (96  ) : _get_field          :  DEBUG    geofac_div (20480, 3)
2024-10-28 13:03:59,312 serialbox_utils.py   (96  ) : _get_field          :  DEBUG    geofac_div (20480, 3)
2024-10-28 13:03:59,313 serialbox_utils.py   (96  ) : _get_field          :  DEBUG    geofac_div (20480, 3)
2024-10-28 13:03:59,314 serialbox_utils.py   (96  ) : _get_field          :  DEBUG    e_bln_c_s (20480, 3)
2024-10-28 13:03:59,316 serialbox_utils.py   (96  ) : _get_field          :  DEBUG    c_intp (10242, 6)
2024-10-28 13:03:59,318 serialbox_utils.py   (96  ) : _get_field          :  DEBUG    c_intp (10242, 6)
2024-10-28 13:03:59,320 serialbox_utils.py   (96  ) : _get_field          :  DEBUG    c_intp (10242, 6)
2024-10-28 13:03:59,320 serialbox_utils.py   (96  ) : _get_field          :  DEBUG    c_lin_e (30720, 2)
2024-10-28 13:03:59,322 serialbox_utils.py   (96  ) : _get_field          :  DEBUG    c_intp (10242, 6)
2024-10-28 13:03:59,323 serialbox_utils.py   (96  ) : _get_field          :  DEBUG    e_flx_avg (30720, 5)
2024-10-28 13:03:59,325 serialbox_utils.py   (96  ) : _get_field          :  DEBUG    geofac_grdiv (30720, 5)
2024-10-28 13:03:59,329 serialbox_utils.py   (96  ) : _get_field          :  DEBUG    geofac_rot (10242, 6)
2024-10-28 13:03:59,331 serialbox_utils.py   (96  ) : _get_field          :  DEBUG    pos_on_tplane_e_x (30720, 4)
2024-10-28 13:03:59,332 serialbox_utils.py   (96  ) : _get_field          :  DEBUG    pos_on_tplane_e_y (30720, 4)
2024-10-28 13:03:59,335 serialbox_utils.py   (96  ) : _get_field          :  DEBUG    e_bln_c_s (20480, 3)
2024-10-28 13:03:59,337 serialbox_utils.py   (96  ) : _get_field          :  DEBUG    rbf_vec_coeff_v1 (10242, 6)
2024-10-28 13:03:59,338 serialbox_utils.py   (96  ) : _get_field          :  DEBUG    rbf_vec_coeff_v2 (10242, 6)
2024-10-28 13:03:59,339 serialbox_utils.py   (96  ) : _get_field          :  DEBUG    geofac_div (20480, 3)
2024-10-28 13:03:59,341 serialbox_utils.py   (96  ) : _get_field          :  DEBUG    geofac_n2s (20480, 4)
2024-10-28 13:03:59,341 serialbox_utils.py   (96  ) : _get_field          :  DEBUG    nudgecoeff_e (30720,)
2024-10-28 13:03:59,342 serialbox_utils.py   (96  ) : _get_field          :  DEBUG    bdy_halo_c (20480,)
2024-10-28 13:03:59,342 serialbox_utils.py   (96  ) : _get_field          :  DEBUG    mask_prog_halo_c (20480,)
2024-10-28 13:03:59,342 serialbox_utils.py   (96  ) : _get_field          :  DEBUG    rayleigh_w (36,)
2024-10-28 13:03:59,359 serialbox_utils.py   (96  ) : _get_field          :  DEBUG    exner_exfac (20480, 35)
2024-10-28 13:03:59,376 serialbox_utils.py   (96  ) : _get_field          :  DEBUG    exner_ref_mc (20480, 35)
2024-10-28 13:03:59,391 serialbox_utils.py   (96  ) : _get_field          :  DEBUG    wgtfac_c (20480, 36)
2024-10-28 13:03:59,405 serialbox_utils.py   (96  ) : _get_field          :  DEBUG    wgtfacq_c_dsl (20480, 35)
2024-10-28 13:03:59,422 serialbox_utils.py   (96  ) : _get_field          :  DEBUG    inv_ddqz_z_full (20480, 35)
2024-10-28 13:03:59,439 serialbox_utils.py   (96  ) : _get_field          :  DEBUG    rho_ref_mc (20480, 35)
2024-10-28 13:03:59,454 serialbox_utils.py   (96  ) : _get_field          :  DEBUG    theta_ref_mc (20480, 35)
2024-10-28 13:03:59,457 serialbox_utils.py   (96  ) : _get_field          :  DEBUG    vwind_expl_wgt (20480,)
2024-10-28 13:03:59,469 serialbox_utils.py   (96  ) : _get_field          :  DEBUG    d_exner_dz_ref_ic (20480, 36)
2024-10-28 13:03:59,485 serialbox_utils.py   (96  ) : _get_field          :  DEBUG    ddqz_z_half (20480, 36)
2024-10-28 13:03:59,500 serialbox_utils.py   (96  ) : _get_field          :  DEBUG    theta_ref_ic (20480, 36)
2024-10-28 13:03:59,515 serialbox_utils.py   (96  ) : _get_field          :  DEBUG    d2dexdz2_fac1_mc (20480, 35)
2024-10-28 13:03:59,529 serialbox_utils.py   (96  ) : _get_field          :  DEBUG    d2dexdz2_fac2_mc (20480, 35)
2024-10-28 13:03:59,544 serialbox_utils.py   (96  ) : _get_field          :  DEBUG    rho_ref_me (30720, 35)
2024-10-28 13:03:59,560 serialbox_utils.py   (96  ) : _get_field          :  DEBUG    theta_ref_me (30720, 35)
2024-10-28 13:03:59,577 serialbox_utils.py   (96  ) : _get_field          :  DEBUG    ddxn_z_full (30720, 35)
2024-10-28 13:03:59,616 serialbox_utils.py   (96  ) : _get_field          :  DEBUG    zdiff_gradp_dsl (30720, 2, 35)
2024-10-28 13:03:59,655 serialbox_utils.py   (96  ) : _get_field          :  DEBUG    vertoffset_gradp_dsl (30720, 2, 35)
2024-10-28 13:03:59,671 serialbox_utils.py   (96  ) : _get_field          :  DEBUG    ipeidx_dsl (30720, 35)
2024-10-28 13:03:59,683 serialbox_utils.py   (96  ) : _get_field          :  DEBUG    pg_exdist_dsl (30720, 35)
2024-10-28 13:03:59,702 serialbox_utils.py   (96  ) : _get_field          :  DEBUG    ddqz_z_full_e (30720, 35)
2024-10-28 13:03:59,720 serialbox_utils.py   (96  ) : _get_field          :  DEBUG    ddxt_z_full (30720, 35)
2024-10-28 13:03:59,735 serialbox_utils.py   (96  ) : _get_field          :  DEBUG    wgtfac_e (30720, 36)
2024-10-28 13:03:59,746 serialbox_utils.py   (96  ) : _get_field          :  DEBUG    vwind_impl_wgt (20480,)
2024-10-28 13:03:59,746 serialbox_utils.py   (96  ) : _get_field          :  DEBUG    hmask_dd3d (30720,)
2024-10-28 13:03:59,747 serialbox_utils.py   (96  ) : _get_field          :  DEBUG    scalfac_dd3d (35,)
2024-10-28 13:03:59,763 serialbox_utils.py   (96  ) : _get_field          :  DEBUG    coeff1_dwdz (20480, 35)
2024-10-28 13:03:59,777 serialbox_utils.py   (96  ) : _get_field          :  DEBUG    coeff2_dwdz (20480, 35)
2024-10-28 13:03:59,780 serialbox_utils.py   (96  ) : _get_field          :  DEBUG    coeff_gradekin (30720, 2)
2024-10-28 13:03:59,796 serialbox_utils.py   (96  ) : _get_field          :  DEBUG    ddqz_z_full (20480, 35)
2024-10-28 13:03:59,806 serialbox_utils.py   (96  ) : _get_field          :  DEBUG    cell_center_lat (20480,)
2024-10-28 13:03:59,807 serialbox_utils.py   (96  ) : _get_field          :  DEBUG    cell_center_lon (20480,)
2024-10-28 13:03:59,807 serialbox_utils.py   (96  ) : _get_field          :  DEBUG    v_lat (10242,)
2024-10-28 13:03:59,807 serialbox_utils.py   (96  ) : _get_field          :  DEBUG    v_lon (10242,)
2024-10-28 13:03:59,808 serialbox_utils.py   (96  ) : _get_field          :  DEBUG    edges_center_lat (30720,)
2024-10-28 13:03:59,808 serialbox_utils.py   (96  ) : _get_field          :  DEBUG    edges_center_lon (30720,)
2024-10-28 13:03:59,809 serialbox_utils.py   (96  ) : _get_field          :  DEBUG    vct_a (36,)
2024-10-28 13:03:59,810 dycore_driver.py     (1288) : initialize          :  INFO     v2c shape (10242, 6) 10242 20480
2024-10-28 13:03:59,810 dycore_driver.py     (1289) : initialize          :  INFO     geofac_rot shape (10242, 6) 10242 20480
2024-10-28 13:03:59,820 dycore_driver.py     (1302) : initialize          :  INFO     0 v2c table duplicate: [1024    0 4096 3072 2048 2048]
2024-10-28 13:03:59,820 dycore_driver.py     (1303) : initialize          :  INFO     0 geofac_rot table: [ 4.02600232e-06 -4.02600232e-06  4.02600232e-06  4.02600232e-06
  4.02600232e-06  0.00000000e+00]
2024-10-28 13:03:59,830 dycore_driver.py     (1302) : initialize          :  INFO     2636 v2c table duplicate: [15359  5120 10581 16383 19797 19797]
2024-10-28 13:03:59,830 dycore_driver.py     (1303) : initialize          :  INFO     2636 geofac_rot table: [ 4.02600232e-06 -4.02600232e-06 -4.02600232e-06 -4.02600232e-06
  4.02600232e-06  0.00000000e+00]
2024-10-28 13:03:59,832 dycore_driver.py     (1302) : initialize          :  INFO     3164 v2c table duplicate: [11263  6144 11605 17407 15701 15701]
2024-10-28 13:03:59,832 dycore_driver.py     (1303) : initialize          :  INFO     3164 geofac_rot table: [ 4.02600232e-06 -4.02600232e-06 -4.02600232e-06  4.02600232e-06
  4.02600232e-06  0.00000000e+00]
2024-10-28 13:03:59,834 dycore_driver.py     (1302) : initialize          :  INFO     3692 v2c table duplicate: [12287  7168 12629 18431 16725 16725]
2024-10-28 13:03:59,834 dycore_driver.py     (1303) : initialize          :  INFO     3692 geofac_rot table: [ 4.02600232e-06 -4.02600232e-06 -4.02600232e-06  4.02600232e-06
  4.02600232e-06  0.00000000e+00]
2024-10-28 13:03:59,836 dycore_driver.py     (1302) : initialize          :  INFO     4220 v2c table duplicate: [13311  8192 13653 19455 17749 17749]
2024-10-28 13:03:59,836 dycore_driver.py     (1303) : initialize          :  INFO     4220 geofac_rot table: [ 4.02600232e-06 -4.02600232e-06 -4.02600232e-06  4.02600232e-06
  4.02600232e-06  0.00000000e+00]
2024-10-28 13:03:59,838 dycore_driver.py     (1302) : initialize          :  INFO     4748 v2c table duplicate: [14335  9216 14677 20479 18773 18773]
2024-10-28 13:03:59,839 dycore_driver.py     (1303) : initialize          :  INFO     4748 geofac_rot table: [ 4.02600232e-06 -4.02600232e-06 -4.02600232e-06  4.02600232e-06
  4.02600232e-06  0.00000000e+00]
2024-10-28 13:03:59,840 dycore_driver.py     (1302) : initialize          :  INFO     5276 v2c table duplicate: [ 7167 10240  5461  1023  1365  1365]
2024-10-28 13:03:59,841 dycore_driver.py     (1303) : initialize          :  INFO     5276 geofac_rot table: [-4.02600232e-06  4.02600232e-06  4.02600232e-06 -4.02600232e-06
 -4.02600232e-06  0.00000000e+00]
2024-10-28 13:03:59,842 dycore_driver.py     (1302) : initialize          :  INFO     5773 v2c table duplicate: [ 8191 11264  6485  2047  2389  2389]
2024-10-28 13:03:59,842 dycore_driver.py     (1303) : initialize          :  INFO     5773 geofac_rot table: [-4.02600232e-06  4.02600232e-06  4.02600232e-06 -4.02600232e-06
 -4.02600232e-06  0.00000000e+00]
2024-10-28 13:03:59,844 dycore_driver.py     (1302) : initialize          :  INFO     6270 v2c table duplicate: [ 9215 12288  7509  3071  3413  3413]
2024-10-28 13:03:59,845 dycore_driver.py     (1303) : initialize          :  INFO     6270 geofac_rot table: [-4.02600232e-06  4.02600232e-06  4.02600232e-06 -4.02600232e-06
 -4.02600232e-06  0.00000000e+00]
2024-10-28 13:03:59,846 dycore_driver.py     (1302) : initialize          :  INFO     6767 v2c table duplicate: [10239 13312  8533  4095  4437  4437]
2024-10-28 13:03:59,846 dycore_driver.py     (1303) : initialize          :  INFO     6767 geofac_rot table: [-4.02600232e-06  4.02600232e-06  4.02600232e-06 -4.02600232e-06
 -4.02600232e-06  0.00000000e+00]
2024-10-28 13:03:59,848 dycore_driver.py     (1302) : initialize          :  INFO     7264 v2c table duplicate: [ 6143 14336  9557  5119   341   341]
2024-10-28 13:03:59,848 dycore_driver.py     (1303) : initialize          :  INFO     7264 geofac_rot table: [-4.02600232e-06  4.02600232e-06  4.02600232e-06  4.02600232e-06
 -4.02600232e-06  0.00000000e+00]
2024-10-28 13:03:59,850 dycore_driver.py     (1302) : initialize          :  INFO     7761 v2c table duplicate: [19456 15360 16384 17408 18432 18432]
2024-10-28 13:03:59,850 dycore_driver.py     (1303) : initialize          :  INFO     7761 geofac_rot table: [ 4.02600232e-06 -4.02600232e-06 -4.02600232e-06 -4.02600232e-06
 -4.02600232e-06  0.00000000e+00]
2024-10-28 13:03:59,860 dycore_driver.py     (1307) : initialize          :  INFO     initializing diffusion
2024-10-28 13:04:01,500 solve_nonhydro.py    (354 ) : __init__            :  INFO     wgt_nnow_vel and wgt_nnew_vel: 0.25 0.75
2024-10-28 13:04:02,904 serialbox_utils.py   (96  ) : _get_field          :  DEBUG    wgtfac_c (20480, 36)
2024-10-28 13:04:02,917 serialbox_utils.py   (96  ) : _get_field          :  DEBUG    ddqz_z_half (20480, 36)
2024-10-28 13:04:02,932 serialbox_utils.py   (96  ) : _get_field          :  DEBUG    theta_ref_mc (20480, 35)
2024-10-28 13:04:02,947 serialbox_utils.py   (96  ) : _get_field          :  DEBUG    theta_ref_ic (20480, 36)
2024-10-28 13:04:02,962 serialbox_utils.py   (96  ) : _get_field          :  DEBUG    exner_ref_mc (20480, 35)
2024-10-28 13:04:02,977 serialbox_utils.py   (96  ) : _get_field          :  DEBUG    d_exner_dz_ref_ic (20480, 36)
2024-10-28 13:04:02,993 serialbox_utils.py   (96  ) : _get_field          :  DEBUG    geopot (20480, 35)
2024-10-28 13:04:02,995 serialbox_utils.py   (96  ) : _get_field          :  DEBUG    c_lin_e (30720, 2)
2024-10-28 13:04:03,004 initialization_utils.py (228 ) : model_initialization_jabw:  INFO     In Newton iteration, k = 34
2024-10-28 13:04:03,243 initialization_utils.py (228 ) : model_initialization_jabw:  INFO     In Newton iteration, k = 33
2024-10-28 13:04:03,478 initialization_utils.py (228 ) : model_initialization_jabw:  INFO     In Newton iteration, k = 32
2024-10-28 13:04:03,712 initialization_utils.py (228 ) : model_initialization_jabw:  INFO     In Newton iteration, k = 31
2024-10-28 13:04:03,938 initialization_utils.py (228 ) : model_initialization_jabw:  INFO     In Newton iteration, k = 30
2024-10-28 13:04:04,163 initialization_utils.py (228 ) : model_initialization_jabw:  INFO     In Newton iteration, k = 29
2024-10-28 13:04:04,426 initialization_utils.py (228 ) : model_initialization_jabw:  INFO     In Newton iteration, k = 28
2024-10-28 13:04:04,662 initialization_utils.py (228 ) : model_initialization_jabw:  INFO     In Newton iteration, k = 27
2024-10-28 13:04:04,899 initialization_utils.py (228 ) : model_initialization_jabw:  INFO     In Newton iteration, k = 26
2024-10-28 13:04:05,151 initialization_utils.py (228 ) : model_initialization_jabw:  INFO     In Newton iteration, k = 25
2024-10-28 13:04:05,387 initialization_utils.py (228 ) : model_initialization_jabw:  INFO     In Newton iteration, k = 24
2024-10-28 13:04:05,626 initialization_utils.py (228 ) : model_initialization_jabw:  INFO     In Newton iteration, k = 23
2024-10-28 13:04:05,863 initialization_utils.py (228 ) : model_initialization_jabw:  INFO     In Newton iteration, k = 22
2024-10-28 13:04:06,099 initialization_utils.py (228 ) : model_initialization_jabw:  INFO     In Newton iteration, k = 21
2024-10-28 13:04:06,335 initialization_utils.py (228 ) : model_initialization_jabw:  INFO     In Newton iteration, k = 20
2024-10-28 13:04:06,575 initialization_utils.py (228 ) : model_initialization_jabw:  INFO     In Newton iteration, k = 19
2024-10-28 13:04:06,809 initialization_utils.py (228 ) : model_initialization_jabw:  INFO     In Newton iteration, k = 18
2024-10-28 13:04:07,046 initialization_utils.py (228 ) : model_initialization_jabw:  INFO     In Newton iteration, k = 17
2024-10-28 13:04:07,291 initialization_utils.py (228 ) : model_initialization_jabw:  INFO     In Newton iteration, k = 16
2024-10-28 13:04:07,530 initialization_utils.py (228 ) : model_initialization_jabw:  INFO     In Newton iteration, k = 15
2024-10-28 13:04:07,766 initialization_utils.py (228 ) : model_initialization_jabw:  INFO     In Newton iteration, k = 14
2024-10-28 13:04:08,003 initialization_utils.py (228 ) : model_initialization_jabw:  INFO     In Newton iteration, k = 13
2024-10-28 13:04:08,236 initialization_utils.py (228 ) : model_initialization_jabw:  INFO     In Newton iteration, k = 12
2024-10-28 13:04:08,470 initialization_utils.py (228 ) : model_initialization_jabw:  INFO     In Newton iteration, k = 11
2024-10-28 13:04:08,706 initialization_utils.py (228 ) : model_initialization_jabw:  INFO     In Newton iteration, k = 10
2024-10-28 13:04:08,941 initialization_utils.py (228 ) : model_initialization_jabw:  INFO     In Newton iteration, k = 9
2024-10-28 13:04:09,173 initialization_utils.py (228 ) : model_initialization_jabw:  INFO     In Newton iteration, k = 8
2024-10-28 13:04:09,423 initialization_utils.py (228 ) : model_initialization_jabw:  INFO     In Newton iteration, k = 7
2024-10-28 13:04:09,650 initialization_utils.py (228 ) : model_initialization_jabw:  INFO     In Newton iteration, k = 6
2024-10-28 13:04:09,878 initialization_utils.py (228 ) : model_initialization_jabw:  INFO     In Newton iteration, k = 5
2024-10-28 13:04:10,107 initialization_utils.py (228 ) : model_initialization_jabw:  INFO     In Newton iteration, k = 4
2024-10-28 13:04:10,336 initialization_utils.py (228 ) : model_initialization_jabw:  INFO     In Newton iteration, k = 3
2024-10-28 13:04:10,561 initialization_utils.py (228 ) : model_initialization_jabw:  INFO     In Newton iteration, k = 2
2024-10-28 13:04:10,784 initialization_utils.py (228 ) : model_initialization_jabw:  INFO     In Newton iteration, k = 1
2024-10-28 13:04:11,007 initialization_utils.py (228 ) : model_initialization_jabw:  INFO     In Newton iteration, k = 0
2024-10-28 13:04:11,230 initialization_utils.py (286 ) : model_initialization_jabw:  INFO     Newton iteration completed!
2024-10-28 13:04:11,529 initialization_utils.py (372 ) : model_initialization_jabw:  INFO     Cell-to-edge eta_v computation completed.
2024-10-28 13:04:11,564 initialization_utils.py (386 ) : model_initialization_jabw:  INFO     U2vn computation completed.
2024-10-28 13:04:11,615 initialization_utils.py (400 ) : model_initialization_jabw:  INFO     Hydrostatic adjustment computation completed.
2024-10-28 13:04:12,162 initialization_utils.py (434 ) : model_initialization_jabw:  INFO     U, V computation completed.
2024-10-28 13:04:12,370 initialization_utils.py (447 ) : model_initialization_jabw:  INFO     exner_pr initialization completed.
2024-10-28 13:04:12,544 initialization_utils.py (508 ) : model_initialization_jabw:  INFO     Initialization completed.
2024-10-28 13:04:12,545 dycore_driver.py     (1523) : main                :  INFO     Starting ICON dycore run: 0001-01-01T00:00:00
2024-10-28 13:04:12,545 dycore_driver.py     (1524) : main                :  INFO     input args: input_path=/home/ong/PycharmProjects/main/testdata/jw_exclaim_node1_r2b4_nproma50000/, n_time_steps=1, ending date=0001-01-01 00:05:00
2024-10-28 13:04:12,545 dycore_driver.py     (1528) : main                :  INFO     input args: input_path=/home/ong/PycharmProjects/main/testdata/jw_exclaim_node1_r2b4_nproma50000/, n_time_steps=1
2024-10-28 13:04:12,545 dycore_driver.py     (1530) : main                :  INFO     dycore configuring: DONE
2024-10-28 13:04:12,545 dycore_driver.py     (1531) : main                :  INFO     timeloop: START
2024-10-28 13:04:12,545 dycore_driver.py     (876 ) : time_integration    :  INFO     starting time loop for dtime=300.0 s and n_timesteps=1
2024-10-28 13:04:12,545 dycore_driver.py     (879 ) : time_integration    :  INFO     Initialization of diagnostic variables for output.
2024-10-28 13:04:12,545 dycore_driver.py     (880 ) : time_integration    :  INFO     apply_to_horizontal_wind=True initial_stabilization=False dtime=300.0 s, substep_timestep=300.0
2024-10-28 13:04:12,545 dycore_driver.py     (884 ) : time_integration    :  INFO     Initialization of diagnostic variables for output.
2024-10-28 13:04:12,545 dycore_driver.py     (903 ) : time_integration    :  INFO     starting real time loop for dtime=300.0 n_timesteps=1
2024-10-28 13:04:12,545 dycore_driver.py     (910 ) : time_integration    :  INFO     simulation date : 0001-01-01 00:00:00 run timestep : 0
2024-10-28 13:04:12,546 dycore_driver.py     (911 ) : time_integration    :  INFO      MAX VN: 3.498536887640734e+01 , MAX W: 0.000000000000000e+00
2024-10-28 13:04:12,547 dycore_driver.py     (914 ) : time_integration    :  INFO      MAX RHO: 1.533530888544196e+00 , MAX THETA_V: 6.484423817248056e+02
2024-10-28 13:04:12,547 dycore_driver.py     (1171) : _do_dyn_substepping :  INFO     simulation date : 0001-01-01 00:05:00 substep / n_substeps : 0 / 1 , is_first_step_in_simulation : True, nnow: 0, nnew : 1
2024-10-28 13:04:12,547 solve_nonhydro.py    (512 ) : time_step           :  INFO     running timestep: dtime = 300.0, init = True, recompute = True, prep_adv = False  clean_mflx=True 
2024-10-28 13:04:12,841 solve_nonhydro.py    (649 ) : run_predictor_step  :  INFO     running predictor step: dtime = 300.0, init = True, recompute = True 
2024-10-28 13:04:51,680 solve_nonhydro.py    (1281) : run_predictor_step  :  DEBUG    exchanging prognostic field 'vn' and local field 'z_rho_e'
2024-10-28 13:05:09,737 solve_nonhydro.py    (1794) : run_predictor_step  :  DEBUG    exchanging prognostic field 'w' and local field 'z_dwdz_dd'
2024-10-28 13:05:09,737 solve_nonhydro.py    (1814) : run_corrector_step  :  INFO     running corrector step: dtime = 300.0, prep_adv = False,  divdamp_fac_o2 = 0.0 clean_mfxl= True  
2024-10-28 13:05:10,380 solve_nonhydro.py    (1888) : run_corrector_step  :  DEBUG    corrector run velocity advection
2024-10-28 13:05:10,400 solve_nonhydro.py    (1910) : run_corrector_step  :  DEBUG    corrector: start stencil 10
2024-10-28 13:05:13,406 solve_nonhydro.py    (1964) : run_corrector_step  :  DEBUG    corrector: start stencil 17
2024-10-28 13:05:14,163 solve_nonhydro.py    (1984) : run_corrector_step  :  DEBUG    corrector: start stencil 23
2024-10-28 13:05:15,058 solve_nonhydro.py    (2020) : run_corrector_step  :  DEBUG    corrector start stencil 25
2024-10-28 13:05:15,533 solve_nonhydro.py    (2077) : run_corrector_step  :  DEBUG    corrector: 2nd order full 3d divergence damping
2024-10-28 13:05:20,875 solve_nonhydro.py    (2274) : run_corrector_step  :  INFO     -4.558250215352901e-13 4.558250216096939e-13
2024-10-28 13:05:20,876 solve_nonhydro.py    (2276) : run_corrector_step  :  INFO     -4.087520726053505e-10 4.146725830756696e-10
2024-10-28 13:05:20,876 solve_nonhydro.py    (2278) : run_corrector_step  :  INFO     0.000000000000000e+00 0.000000000000000e+00
2024-10-28 13:05:20,877 solve_nonhydro.py    (2279) : run_corrector_step  :  INFO     -1.273170263631314e-17 1.277312727141976e-17
2024-10-28 13:05:20,878 solve_nonhydro.py    (2280) : run_corrector_step  :  INFO     -1.846443895887642e-22 1.846443896675200e-22
2024-10-28 13:05:20,879 solve_nonhydro.py    (2281) : run_corrector_step  :  INFO     -1.142109127716307e-19 1.141821155763353e-19
2024-10-28 13:05:22,074 solve_nonhydro.py    (2647) : run_corrector_step  :  DEBUG    exchanging prognostic field 'vn'
2024-10-28 13:05:22,074 solve_nonhydro.py    (2649) : run_corrector_step  :  DEBUG    corrector: start stencil 31
2024-10-28 13:05:22,718 solve_nonhydro.py    (2666) : run_corrector_step  :  DEBUG    corrector: start stencil 32
2024-10-28 13:05:22,729 solve_nonhydro.py    (2715) : run_corrector_step  :  DEBUG    corrector: start stencil 41
2024-10-28 13:05:22,743 solve_nonhydro.py    (2736) : run_corrector_step  :  DEBUG    corrector start stencil 42 44 45 45b
2024-10-28 13:05:27,844 solve_nonhydro.py    (2895) : run_corrector_step  :  DEBUG    corrector start stencil 47 48 49
2024-10-28 13:05:27,861 solve_nonhydro.py    (2965) : run_corrector_step  :  DEBUG    corrector start stencil 52
2024-10-28 13:05:27,890 solve_nonhydro.py    (2992) : run_corrector_step  :  DEBUG    corrector start stencil 53
2024-10-28 13:05:27,899 solve_nonhydro.py    (3010) : run_corrector_step  :  DEBUG    corrector start stencil 54
2024-10-28 13:05:27,903 solve_nonhydro.py    (3029) : run_corrector_step  :  DEBUG    corrector start stencil 55
2024-10-28 13:05:27,927 solve_nonhydro.py    (3088) : run_corrector_step  :  DEBUG    corrector start stencil 58
2024-10-28 13:05:31,710 diffusion.py         (643 ) : _do_diffusion_step  :  DEBUG    rbf interpolation 1: start
2024-10-28 13:05:33,003 diffusion.py         (656 ) : _do_diffusion_step  :  DEBUG    rbf interpolation 1: end
2024-10-28 13:05:33,003 diffusion.py         (659 ) : _do_diffusion_step  :  DEBUG    communication rbf extrapolation of vn - start
2024-10-28 13:05:33,003 diffusion.py         (661 ) : _do_diffusion_step  :  DEBUG    communication rbf extrapolation of vn - end
2024-10-28 13:05:33,003 diffusion.py         (663 ) : _do_diffusion_step  :  DEBUG    running stencil 01(calculate_nabla2_and_smag_coefficients_for_vn): start
2024-10-28 13:05:47,552 diffusion.py         (687 ) : _do_diffusion_step  :  DEBUG    running stencil 01 (calculate_nabla2_and_smag_coefficients_for_vn): end
2024-10-28 13:05:47,552 diffusion.py         (721 ) : _do_diffusion_step  :  DEBUG    2nd rbf interpolation: start
2024-10-28 13:05:47,565 diffusion.py         (734 ) : _do_diffusion_step  :  DEBUG    2nd rbf interpolation: end
2024-10-28 13:05:47,566 diffusion.py         (737 ) : _do_diffusion_step  :  DEBUG    communication rbf extrapolation of z_nable2_e - start
2024-10-28 13:05:47,566 diffusion.py         (739 ) : _do_diffusion_step  :  DEBUG    communication rbf extrapolation of z_nable2_e - end
2024-10-28 13:05:47,566 diffusion.py         (741 ) : _do_diffusion_step  :  DEBUG    running stencils 04 05 06 (apply_diffusion_to_vn): start
2024-10-28 13:06:01,946 diffusion.py         (766 ) : _do_diffusion_step  :  DEBUG    running stencils 04 05 06 (apply_diffusion_to_vn): end
2024-10-28 13:06:01,946 diffusion.py         (767 ) : _do_diffusion_step  :  DEBUG    communication of prognistic.vn : start
2024-10-28 13:06:01,946 diffusion.py         (771 ) : _do_diffusion_step  :  DEBUG    running stencils 07 08 09 10 (apply_diffusion_to_w_and_compute_horizontal_gradients_for_turbulence): start
2024-10-28 13:06:05,793 diffusion.py         (802 ) : _do_diffusion_step  :  DEBUG    running stencils 07 08 09 10 (apply_diffusion_to_w_and_compute_horizontal_gradients_for_turbulence): end
2024-10-28 13:06:05,793 diffusion.py         (880 ) : _do_diffusion_step  :  DEBUG    communication of prognogistic.vn - end
2024-10-28 13:06:05,793 dycore_driver.py     (1554) : main                :  INFO     timeloop:  DONE
